-------------------------------------------------------------------------------
Test set: TestSuite
-------------------------------------------------------------------------------
Tests run: 5, Failures: 1, Errors: 0, Skipped: 0, Time elapsed: 121.295 s <<< FAILURE! - in TestSuite
Academy.ValidateTitle.validateAppTitle  Time elapsed: 0.384 s  <<< FAILURE!
java.lang.AssertionError: expected [FEATURED CO123URSESE] but found [FEATURED COURSES]
	at Academy.ValidateTitle.validateAppTitle(ValidateTitle.java:36)

