<?xml version="1.0" encoding="UTF-8"?>
<!-- Generated by org.testng.reporters.JUnitXMLReporter -->
<testsuite ignored="0" hostname="TXCHD-LAP-083" failures="1" tests="1" name="Validate Title" time="64.486" errors="0" timestamp="2022-03-22T11:48:19 IST">
  <testcase classname="Academy.ValidateTitle" name="validateAppTitle" time="0.029">
    <failure type="java.lang.AssertionError" message="expected [FEATURED CO123URSESE] but found [FEATURED COURSES]">
      <![CDATA[java.lang.AssertionError: expected [FEATURED CO123URSESE] but found [FEATURED COURSES]
at Academy.ValidateTitle.validateAppTitle(ValidateTitle.java:36)
at java.base/java.util.ArrayList.forEach(ArrayList.java:1541)
at java.base/java.util.concurrent.FutureTask.run(FutureTask.java:264)
at java.base/java.util.concurrent.ThreadPoolExecutor.runWorker(ThreadPoolExecutor.java:1128)
at java.base/java.util.concurrent.ThreadPoolExecutor$Worker.run(ThreadPoolExecutor.java:628)
at java.base/java.lang.Thread.run(Thread.java:834)
... Removed 24 stack frames]]>
    </failure>
  </testcase> <!-- validateAppTitle -->
</testsuite> <!-- Validate Title -->
