<?xml version="1.0" encoding="UTF-8"?>
<!-- Generated by org.testng.reporters.JUnitXMLReporter -->
<testsuite ignored="0" hostname="TXCHD-LAP-083" failures="0" tests="3" name="Validate User Login" time="120.565" errors="0" timestamp="2022-03-22T11:49:15 IST">
  <testcase classname="Academy.HomePage" name="basePageNevigation" time="0.839"/>
  <testcase classname="Academy.HomePage" name="loginPageTest" time="0.207"/>
  <testcase classname="Academy.HomePage" name="loginPageTest" time="0.189"/>
</testsuite> <!-- Validate User Login -->
